<?xml version="1.0" encoding="UTF-8"?>
<!-- Generated by org.testng.reporters.JUnitReportReporter -->
<testsuite skipped="0" hostname="LAPTOP-QQ3CG9LF" name="week2.Delete_service_Territory_S06_11" tests="1" failures="0" timestamp="21 May 2022 12:42:15 GMT" time="29.971" errors="0">
  <testcase name="service_Territory_Deletion" time="29.971" classname="week2.Delete_service_Territory_S06_11"/>
</testsuite> <!-- week2.Delete_service_Territory_S06_11 -->
