<?xml version="1.0" encoding="UTF-8"?>
<!-- Generated by org.testng.reporters.JUnitReportReporter -->
<testsuite skipped="0" hostname="LAPTOP-QQ3CG9LF" name="week1.Create_Service_Territories" tests="1" failures="0" timestamp="18 Jun 2022 12:16:56 GMT" time="41.740" errors="0">
  <testcase name="service_Territory_Creation" time="41.740" classname="week1.Create_Service_Territories"/>
</testsuite> <!-- week1.Create_Service_Territories -->
