<?xml version="1.0" encoding="UTF-8"?>
<!-- Generated by org.testng.reporters.JUnitReportReporter -->
<testsuite skipped="0" hostname="LAPTOP-QQ3CG9LF" name="sprint3.AdministratorCertifications_S06_68" tests="1" failures="0" timestamp="27 Jul 2022 06:16:23 GMT" time="47.019" errors="0">
  <testcase name="verifyAdministratorCertification" time="47.019" classname="sprint3.AdministratorCertifications_S06_68"/>
</testsuite> <!-- sprint3.AdministratorCertifications_S06_68 -->
