<?xml version="1.0" encoding="UTF-8"?>
<!-- Generated by org.testng.reporters.JUnitReportReporter -->
<testsuite skipped="0" hostname="LAPTOP-QQ3CG9LF" name="testcases.CreateServiceTerritoryTest" tests="1" failures="0" timestamp="17 Jul 2022 10:38:41 GMT" time="38.721" errors="0">
  <testcase name="createServiceTerritoryTest" time="38.721" classname="testcases.CreateServiceTerritoryTest"/>
</testsuite> <!-- testcases.CreateServiceTerritoryTest -->
