<?xml version="1.0" encoding="UTF-8"?>
<!-- Generated by org.testng.reporters.JUnitReportReporter -->
<testsuite skipped="0" hostname="LAPTOP-QQ3CG9LF" name="week2.Delete_service_Territory_S06_11" tests="1" failures="0" timestamp="11 Jun 2022 10:30:42 GMT" time="39.825" errors="0">
  <testcase name="service_Territory_Deletion" time="39.825" classname="week2.Delete_service_Territory_S06_11"/>
</testsuite> <!-- week2.Delete_service_Territory_S06_11 -->
