<?xml version="1.0" encoding="UTF-8"?>
<!-- Generated by org.testng.reporters.JUnitReportReporter -->
<testsuite skipped="0" hostname="LAPTOP-QQ3CG9LF" name="Base.Childtest" tests="1" failures="0" timestamp="18 Jun 2022 10:59:03 GMT" time="0.015" errors="0">
  <testcase name="sample" time="0.015" classname="Base.Childtest"/>
</testsuite> <!-- Base.Childtest -->
