<?xml version="1.0" encoding="UTF-8"?>
<!-- Generated by org.testng.reporters.JUnitReportReporter -->
<testsuite skipped="0" hostname="LAPTOP-QQ3CG9LF" name="testcases.LoginTest" tests="1" failures="0" timestamp="16 Jul 2022 13:11:57 GMT" time="17.195" errors="0">
  <testcase name="loginPageTest" time="17.195" classname="testcases.LoginTest"/>
</testsuite> <!-- testcases.LoginTest -->
