<?xml version="1.0" encoding="UTF-8"?>
<!-- Generated by org.testng.reporters.JUnitReportReporter -->
<testsuite skipped="0" hostname="LAPTOP-QQ3CG9LF" name="Testcases.LoginTest" tests="1" failures="0" timestamp="11 Jun 2022 11:33:11 GMT" time="14.197" errors="0">
  <testcase name="loginpageTest" time="14.197" classname="Testcases.LoginTest"/>
</testsuite> <!-- Testcases.LoginTest -->
