<?xml version="1.0" encoding="UTF-8"?>
<!-- Generated by org.testng.reporters.JUnitReportReporter -->
<testsuite skipped="0" hostname="LAPTOP-QQ3CG9LF" name="week1.Create_Service_Territories" tests="1" failures="0" timestamp="21 May 2022 12:11:35 GMT" time="31.198" errors="0">
  <testcase name="service_Territory_Creation" time="31.198" classname="week1.Create_Service_Territories"/>
</testsuite> <!-- week1.Create_Service_Territories -->
