<?xml version="1.0" encoding="UTF-8"?>
<!-- Generated by org.testng.reporters.JUnitReportReporter -->
<testsuite skipped="0" hostname="LAPTOP-QQ3CG9LF" name="week1.Edit_Service_Territory" tests="1" failures="0" timestamp="21 May 2022 12:22:22 GMT" time="29.572" errors="0">
  <testcase name="Service_Territory_Edit" time="29.572" classname="week1.Edit_Service_Territory"/>
</testsuite> <!-- week1.Edit_Service_Territory -->
