<?xml version="1.0" encoding="UTF-8"?>
<!-- Generated by org.testng.reporters.JUnitReportReporter -->
<testsuite skipped="0" hostname="LAPTOP-QQ3CG9LF" name="week3.LoginMethods" tests="2" failures="0" timestamp="30 May 2022 07:11:42 GMT" time="15.862" errors="0">
  <testcase name="login1" time="9.885" classname="week3.LoginMethods"/>
  <testcase name="login2" time="5.977" classname="week3.LoginMethods"/>
</testsuite> <!-- week3.LoginMethods -->
