<?xml version="1.0" encoding="UTF-8"?>
<!-- Generated by org.testng.reporters.JUnitReportReporter -->
<testsuite skipped="0" hostname="LAPTOP-QQ3CG9LF" name="week1.Create_Service_Territories" tests="1" failures="0" timestamp="11 Jun 2022 11:34:22 GMT" time="35.134" errors="0">
  <testcase name="service_Territory_Creation" time="35.134" classname="week1.Create_Service_Territories"/>
</testsuite> <!-- week1.Create_Service_Territories -->
