<?xml version="1.0" encoding="UTF-8"?>
<!-- Generated by org.testng.reporters.JUnitReportReporter -->
<testsuite skipped="0" hostname="LAPTOP-QQ3CG9LF" name="week2.CreateParentTerritory_S06_11" tests="1" failures="0" timestamp="07 Jun 2022 14:18:29 GMT" time="34.238" errors="0">
  <testcase name="parentTerritoryCreation" time="34.238" classname="week2.CreateParentTerritory_S06_11"/>
</testsuite> <!-- week2.CreateParentTerritory_S06_11 -->
