<?xml version="1.0" encoding="UTF-8"?>
<!-- Generated by org.testng.reporters.JUnitReportReporter -->
<testsuite skipped="0" hostname="LAPTOP-QQ3CG9LF" name="week2.CreateParentTerritory_S06_11" tests="1" failures="0" timestamp="18 Jun 2022 11:15:50 GMT" time="39.803" errors="0">
  <testcase name="parentTerritoryCreation" time="39.803" classname="week2.CreateParentTerritory_S06_11"/>
</testsuite> <!-- week2.CreateParentTerritory_S06_11 -->
